生成启动时间为 2020/4/22 10:30:32。
     1>项目“E:\Reboot\FUNC\L2\RCONFIG\PC\RIParaConfigrator\RIParaConfigrator.vcxproj”在节点 2 上(build 个目标)。
     1>InitializeBuildStatus:
         正在对“.\Debug\RIParaConfigrator.unsuccessfulbuild”执行 Touch 任务。
       ClCompile:
         所有输出均为最新。
         C:\Program Files (x86)\Microsoft Visual Studio 10.0\VC\bin\CL.exe /c /ZI /nologo /W3 /WX- /Od /Oy- /D WIN32 /D _DEBUG /D _WINDOWS /D _VC80_UPGRADE=0x0600 /D _MBCS /D _AFXDLL /Gm /EHsc /RTC1 /MDd /GS /Gy- /fp:precise /Zc:wchar_t /Zc:forScope /Fo".\Debug\\" /Fd".\Debug\vc100.pdb" /Gd /TP /analyze- /errorReport:prompt RIParaConfigratorDlg.cpp
         RIParaConfigratorDlg.cpp
         _WIN32_WINNT not defined. Defaulting to _WIN32_WINNT_MAXVER (see WinSDKVer.h)
     1>e:\reboot\func\l2\rconfig\pc\riparaconfigrator\riparaconfigratordlg.cpp(339): warning C4996: 'sprintf': This function or variable may be unsafe. Consider using sprintf_s instead. To disable deprecation, use _CRT_SECURE_NO_WARNINGS. See online help for details.
                 c:\program files (x86)\microsoft visual studio 10.0\vc\include\stdio.h(371) : 参见“sprintf”的声明
     1>e:\reboot\func\l2\rconfig\pc\riparaconfigrator\riparaconfigratordlg.cpp(343): warning C4996: 'sprintf': This function or variable may be unsafe. Consider using sprintf_s instead. To disable deprecation, use _CRT_SECURE_NO_WARNINGS. See online help for details.
                 c:\program files (x86)\microsoft visual studio 10.0\vc\include\stdio.h(371) : 参见“sprintf”的声明
     1>e:\reboot\func\l2\rconfig\pc\riparaconfigrator\riparaconfigratordlg.cpp(348): warning C4996: 'sprintf': This function or variable may be unsafe. Consider using sprintf_s instead. To disable deprecation, use _CRT_SECURE_NO_WARNINGS. See online help for details.
                 c:\program files (x86)\microsoft visual studio 10.0\vc\include\stdio.h(371) : 参见“sprintf”的声明
     1>e:\reboot\func\l2\rconfig\pc\riparaconfigrator\riparaconfigratordlg.cpp(353): warning C4996: 'sprintf': This function or variable may be unsafe. Consider using sprintf_s instead. To disable deprecation, use _CRT_SECURE_NO_WARNINGS. See online help for details.
                 c:\program files (x86)\microsoft visual studio 10.0\vc\include\stdio.h(371) : 参见“sprintf”的声明
     1>e:\reboot\func\l2\rconfig\pc\riparaconfigrator\riparaconfigratordlg.cpp(357): warning C4996: 'sprintf': This function or variable may be unsafe. Consider using sprintf_s instead. To disable deprecation, use _CRT_SECURE_NO_WARNINGS. See online help for details.
                 c:\program files (x86)\microsoft visual studio 10.0\vc\include\stdio.h(371) : 参见“sprintf”的声明
     1>e:\reboot\func\l2\rconfig\pc\riparaconfigrator\riparaconfigratordlg.cpp(454): warning C4996: 'fopen': This function or variable may be unsafe. Consider using fopen_s instead. To disable deprecation, use _CRT_SECURE_NO_WARNINGS. See online help for details.
                 c:\program files (x86)\microsoft visual studio 10.0\vc\include\stdio.h(234) : 参见“fopen”的声明
     1>e:\reboot\func\l2\rconfig\pc\riparaconfigrator\riparaconfigratordlg.cpp(503): warning C4996: 'fopen': This function or variable may be unsafe. Consider using fopen_s instead. To disable deprecation, use _CRT_SECURE_NO_WARNINGS. See online help for details.
                 c:\program files (x86)\microsoft visual studio 10.0\vc\include\stdio.h(234) : 参见“fopen”的声明
     1>e:\reboot\func\l2\rconfig\pc\riparaconfigrator\riparaconfigratordlg.cpp(542): warning C4996: 'fopen': This function or variable may be unsafe. Consider using fopen_s instead. To disable deprecation, use _CRT_SECURE_NO_WARNINGS. See online help for details.
                 c:\program files (x86)\microsoft visual studio 10.0\vc\include\stdio.h(234) : 参见“fopen”的声明
     1>e:\reboot\func\l2\rconfig\pc\riparaconfigrator\riparaconfigratordlg.cpp(627): warning C4996: 'sprintf': This function or variable may be unsafe. Consider using sprintf_s instead. To disable deprecation, use _CRT_SECURE_NO_WARNINGS. See online help for details.
                 c:\program files (x86)\microsoft visual studio 10.0\vc\include\stdio.h(371) : 参见“sprintf”的声明
     1>e:\reboot\func\l2\rconfig\pc\riparaconfigrator\riparaconfigratordlg.cpp(690): warning C4996: 'fopen': This function or variable may be unsafe. Consider using fopen_s instead. To disable deprecation, use _CRT_SECURE_NO_WARNINGS. See online help for details.
                 c:\program files (x86)\microsoft visual studio 10.0\vc\include\stdio.h(234) : 参见“fopen”的声明
     1>e:\reboot\func\l2\rconfig\pc\riparaconfigrator\riparaconfigratordlg.cpp(745): warning C4996: 'fopen': This function or variable may be unsafe. Consider using fopen_s instead. To disable deprecation, use _CRT_SECURE_NO_WARNINGS. See online help for details.
                 c:\program files (x86)\microsoft visual studio 10.0\vc\include\stdio.h(234) : 参见“fopen”的声明
     1>e:\reboot\func\l2\rconfig\pc\riparaconfigrator\riparaconfigratordlg.cpp(931): warning C4996: 'fopen': This function or variable may be unsafe. Consider using fopen_s instead. To disable deprecation, use _CRT_SECURE_NO_WARNINGS. See online help for details.
                 c:\program files (x86)\microsoft visual studio 10.0\vc\include\stdio.h(234) : 参见“fopen”的声明
       ResourceCompile:
         C:\Program Files (x86)\Microsoft SDKs\Windows\v7.0A\bin\rc.exe /D _DEBUG /D _VC80_UPGRADE=0x0600 /D _AFXDLL /l"0x0804" /nologo /fo".\Debug\RIParaConfigrator.res" RIParaConfigrator.rc 
       ManifestResourceCompile:
         C:\Program Files (x86)\Microsoft SDKs\Windows\v7.0A\bin\rc.exe /nologo /fo".\Debug\RIParaConfigrator.exe.embed.manifest.res" .\Debug\RIParaConfigrator_manifest.rc 
       Link:
         C:\Program Files (x86)\Microsoft Visual Studio 10.0\VC\bin\link.exe /ERRORREPORT:PROMPT /OUT:".\Debug\RIParaConfigrator.exe" /INCREMENTAL /NOLOGO FilePortal.lib CIPortal.lib /MANIFEST /ManifestFile:".\Debug\RIParaConfigrator.exe.intermediate.manifest" /MANIFESTUAC:"level='asInvoker' uiAccess='false'" /DEBUG /PDB:"E:\Reboot\FUNC\L2\RCONFIG\PC\RIParaConfigrator\Debug\RIParaConfigrator.pdb" /SUBSYSTEM:WINDOWS /TLBID:1 /DYNAMICBASE /NXCOMPAT /IMPLIB:".\Debug\RIParaConfigrator.lib" /MACHINE:X86 .\Debug\RIParaConfigrator.res
         .\Debug\RIParaConfigrator.exe.embed.manifest.res
         .\Debug\CFGFILE.obj
         .\Debug\RIParaConfigrator.obj
         .\Debug\RIParaConfigratorDlg.obj
         .\Debug\StdAfx.obj
     1>LINK : warning LNK4076: 增量状态文件“.\Debug\RIParaConfigrator.ilk”无效(将删除)；正以非增量方式链接
       Manifest:
         C:\Program Files (x86)\Microsoft SDKs\Windows\v7.0A\bin\mt.exe /nologo /verbose /out:".\Debug\RIParaConfigrator.exe.embed.manifest" /manifest .\Debug\RIParaConfigrator.exe.intermediate.manifest "C:\Program Files (x86)\Microsoft Visual Studio 10.0\VC\Include\Manifest\dpiaware.manifest"
         C:\Program Files (x86)\Microsoft SDKs\Windows\v7.0A\bin\rc.exe /nologo /fo".\Debug\RIParaConfigrator.exe.embed.manifest.res" .\Debug\RIParaConfigrator_manifest.rc 
       LinkEmbedManifest:
         C:\Program Files (x86)\Microsoft Visual Studio 10.0\VC\bin\link.exe /ERRORREPORT:PROMPT /OUT:".\Debug\RIParaConfigrator.exe" /INCREMENTAL /NOLOGO FilePortal.lib CIPortal.lib /MANIFEST /ManifestFile:".\Debug\RIParaConfigrator.exe.intermediate.manifest" /MANIFESTUAC:"level='asInvoker' uiAccess='false'" /DEBUG /PDB:"E:\Reboot\FUNC\L2\RCONFIG\PC\RIParaConfigrator\Debug\RIParaConfigrator.pdb" /SUBSYSTEM:WINDOWS /TLBID:1 /DYNAMICBASE /NXCOMPAT /IMPLIB:".\Debug\RIParaConfigrator.lib" /MACHINE:X86 .\Debug\RIParaConfigrator.res
         .\Debug\RIParaConfigrator.exe.embed.manifest.res
         .\Debug\CFGFILE.obj
         .\Debug\RIParaConfigrator.obj
         .\Debug\RIParaConfigratorDlg.obj
         .\Debug\StdAfx.obj
         RIParaConfigrator.vcxproj -> E:\Reboot\FUNC\L2\RCONFIG\PC\RIParaConfigrator\.\Debug\RIParaConfigrator.exe
       FinalizeBuildStatus:
         正在删除文件“.\Debug\RIParaConfigrator.unsuccessfulbuild”。
         正在对“.\Debug\RIParaConfigrator.lastbuildstate”执行 Touch 任务。
     1>已完成生成项目“E:\Reboot\FUNC\L2\RCONFIG\PC\RIParaConfigrator\RIParaConfigrator.vcxproj”(build 个目标)的操作。

生成成功。

已用时间 00:00:09.00
