.\Debug\LyEasyFC.ilk
.\Debug\LyEasyFC.pdb
E:\Reboot\FUNC\L3\ROBOT_FC\PC\LyEasyFC\.\Debug\LyEasyFC.exe
E:\Reboot\FUNC\L3\ROBOT_FC\PC\LyEasyFC\.\Debug\LyEasyFC.exe.intermediate.manifest
E:\REBOOT\FUNC\L3\ROBOT_FC\PC\LYEASYFC\DEBUG\ADJPARAP.OBJ
E:\REBOOT\FUNC\L3\ROBOT_FC\PC\LYEASYFC\DEBUG\ASK1.OBJ
E:\REBOOT\FUNC\L3\ROBOT_FC\PC\LYEASYFC\DEBUG\CFGFILE.OBJ
E:\Reboot\FUNC\L3\ROBOT_FC\PC\LyEasyFC\Debug\cl.command.1.tlog
E:\Reboot\FUNC\L3\ROBOT_FC\PC\LyEasyFC\Debug\CL.read.1.tlog
E:\Reboot\FUNC\L3\ROBOT_FC\PC\LyEasyFC\Debug\CL.write.1.tlog
E:\REBOOT\FUNC\L3\ROBOT_FC\PC\LYEASYFC\DEBUG\CORDSETING.OBJ
E:\REBOOT\FUNC\L3\ROBOT_FC\PC\LYEASYFC\DEBUG\CSASK.OBJ
E:\REBOOT\FUNC\L3\ROBOT_FC\PC\LYEASYFC\DEBUG\FCTRAJDEALER.OBJ
E:\REBOOT\FUNC\L3\ROBOT_FC\PC\LYEASYFC\DEBUG\FORCEADJPARA.OBJ
E:\REBOOT\FUNC\L3\ROBOT_FC\PC\LYEASYFC\DEBUG\HTPARA.OBJ
E:\REBOOT\FUNC\L3\ROBOT_FC\PC\LYEASYFC\DEBUG\JOBPARA.OBJ
E:\REBOOT\FUNC\L3\ROBOT_FC\PC\LYEASYFC\DEBUG\KINE.OBJ
E:\Reboot\FUNC\L3\ROBOT_FC\PC\LyEasyFC\Debug\link.command.1.tlog
E:\Reboot\FUNC\L3\ROBOT_FC\PC\LyEasyFC\Debug\link.read.1.tlog
E:\Reboot\FUNC\L3\ROBOT_FC\PC\LyEasyFC\Debug\link.write.1.tlog
E:\Reboot\FUNC\L3\ROBOT_FC\PC\LyEasyFC\Debug\link-cvtres.read.1.tlog
E:\Reboot\FUNC\L3\ROBOT_FC\PC\LyEasyFC\Debug\link-cvtres.write.1.tlog
E:\REBOOT\FUNC\L3\ROBOT_FC\PC\LYEASYFC\DEBUG\LINKDLG.OBJ
E:\REBOOT\FUNC\L3\ROBOT_FC\PC\LYEASYFC\DEBUG\LYDG.OBJ
E:\REBOOT\FUNC\L3\ROBOT_FC\PC\LYEASYFC\DEBUG\LYEASYFC.EXE
E:\REBOOT\FUNC\L3\ROBOT_FC\PC\LYEASYFC\DEBUG\LYEASYFC.EXE.EMBED.MANIFEST
E:\REBOOT\FUNC\L3\ROBOT_FC\PC\LYEASYFC\DEBUG\LYEASYFC.EXE.EMBED.MANIFEST.RES
E:\REBOOT\FUNC\L3\ROBOT_FC\PC\LYEASYFC\DEBUG\LYEASYFC.EXE.INTERMEDIATE.MANIFEST
E:\REBOOT\FUNC\L3\ROBOT_FC\PC\LYEASYFC\DEBUG\LYEASYFC.ILK
E:\REBOOT\FUNC\L3\ROBOT_FC\PC\LYEASYFC\DEBUG\LYEASYFC.OBJ
E:\REBOOT\FUNC\L3\ROBOT_FC\PC\LYEASYFC\DEBUG\LYEASYFC.PCH
E:\REBOOT\FUNC\L3\ROBOT_FC\PC\LYEASYFC\DEBUG\LYEASYFC.PDB
E:\REBOOT\FUNC\L3\ROBOT_FC\PC\LYEASYFC\DEBUG\LYEASYFC.RES
E:\Reboot\FUNC\L3\ROBOT_FC\PC\LyEasyFC\Debug\LyEasyFC.write.1.tlog
E:\Reboot\FUNC\L3\ROBOT_FC\PC\LyEasyFC\Debug\LyEasyFC_manifest.rc
E:\REBOOT\FUNC\L3\ROBOT_FC\PC\LYEASYFC\DEBUG\LYEASYFCDLG.OBJ
E:\REBOOT\FUNC\L3\ROBOT_FC\PC\LYEASYFC\DEBUG\MPLANNER.OBJ
E:\Reboot\FUNC\L3\ROBOT_FC\PC\LyEasyFC\Debug\mt.command.1.tlog
E:\Reboot\FUNC\L3\ROBOT_FC\PC\LyEasyFC\Debug\mt.read.1.tlog
E:\Reboot\FUNC\L3\ROBOT_FC\PC\LyEasyFC\Debug\mt.write.1.tlog
E:\REBOOT\FUNC\L3\ROBOT_FC\PC\LYEASYFC\DEBUG\NEWJOB.OBJ
E:\REBOOT\FUNC\L3\ROBOT_FC\PC\LYEASYFC\DEBUG\P.OBJ
E:\REBOOT\FUNC\L3\ROBOT_FC\PC\LYEASYFC\DEBUG\POINTSET.OBJ
E:\REBOOT\FUNC\L3\ROBOT_FC\PC\LYEASYFC\DEBUG\PORTSELDLG.OBJ
E:\REBOOT\FUNC\L3\ROBOT_FC\PC\LYEASYFC\DEBUG\PPDEF.OBJ
E:\Reboot\FUNC\L3\ROBOT_FC\PC\LyEasyFC\Debug\rc.command.1.tlog
E:\Reboot\FUNC\L3\ROBOT_FC\PC\LyEasyFC\Debug\rc.read.1.tlog
E:\Reboot\FUNC\L3\ROBOT_FC\PC\LyEasyFC\Debug\rc.write.1.tlog
E:\REBOOT\FUNC\L3\ROBOT_FC\PC\LYEASYFC\DEBUG\RITOOLS.OBJ
E:\REBOOT\FUNC\L3\ROBOT_FC\PC\LYEASYFC\DEBUG\ROBOTCFG.OBJ
E:\REBOOT\FUNC\L3\ROBOT_FC\PC\LYEASYFC\DEBUG\ROBOTFT.OBJ
E:\REBOOT\FUNC\L3\ROBOT_FC\PC\LYEASYFC\DEBUG\ROTPARA.OBJ
E:\REBOOT\FUNC\L3\ROBOT_FC\PC\LYEASYFC\DEBUG\SERIALPORT.OBJ
E:\REBOOT\FUNC\L3\ROBOT_FC\PC\LYEASYFC\DEBUG\SMOOTHFILTERS.OBJ
E:\REBOOT\FUNC\L3\ROBOT_FC\PC\LYEASYFC\DEBUG\SPUAPARA.OBJ
E:\REBOOT\FUNC\L3\ROBOT_FC\PC\LYEASYFC\DEBUG\STDAFX.OBJ
E:\REBOOT\FUNC\L3\ROBOT_FC\PC\LYEASYFC\DEBUG\STUADJP.OBJ
E:\Reboot\FUNC\L3\ROBOT_FC\PC\LyEasyFC\Debug\vc100.idb
E:\REBOOT\FUNC\L3\ROBOT_FC\PC\LYEASYFC\DEBUG\VC100.PDB
